2026-03-10 00:00:00,780 [INFO] 重试任务开始，队列状态: {'pending': 0, 'processing': 0, 'sent_today': 0, 'sent_total': 62, 'failed': 0}
2026-03-10 00:00:00,781 [INFO] 重试完成: 重新入队 0 个, 成功推送 0 个
2026-03-10 00:00:00,782 [INFO] 当前队列状态: {'pending': 0, 'processing': 0, 'sent_today': 0, 'sent_total': 62, 'failed': 0}
2026-03-10 01:00:00,854 [INFO] 重试任务开始，队列状态: {'pending': 0, 'processing': 0, 'sent_today': 0, 'sent_total': 62, 'failed': 0}
2026-03-10 01:00:00,855 [INFO] 重试完成: 重新入队 0 个, 成功推送 0 个
2026-03-10 01:00:00,855 [INFO] 当前队列状态: {'pending': 0, 'processing': 0, 'sent_today': 0, 'sent_total': 62, 'failed': 0}
2026-03-10 02:00:00,775 [INFO] 重试任务开始，队列状态: {'pending': 0, 'processing': 0, 'sent_today': 0, 'sent_total': 62, 'failed': 0}
2026-03-10 02:00:00,776 [INFO] 重试完成: 重新入队 0 个, 成功推送 0 个
2026-03-10 02:00:00,776 [INFO] 当前队列状态: {'pending': 0, 'processing': 0, 'sent_today': 0, 'sent_total': 62, 'failed': 0}
2026-03-10 03:00:01,100 [INFO] 重试任务开始，队列状态: {'pending': 0, 'processing': 0, 'sent_today': 1, 'sent_total': 63, 'failed': 0}
2026-03-10 03:00:01,102 [INFO] 重试完成: 重新入队 0 个, 成功推送 0 个
2026-03-10 03:00:01,102 [INFO] 当前队列状态: {'pending': 0, 'processing': 0, 'sent_today': 1, 'sent_total': 63, 'failed': 0}
2026-03-10 04:00:01,639 [INFO] 重试任务开始，队列状态: {'pending': 0, 'processing': 0, 'sent_today': 2, 'sent_total': 64, 'failed': 0}
2026-03-10 04:00:01,640 [INFO] 重试完成: 重新入队 0 个, 成功推送 0 个
2026-03-10 04:00:01,640 [INFO] 当前队列状态: {'pending': 0, 'processing': 0, 'sent_today': 2, 'sent_total': 64, 'failed': 0}
2026-03-10 05:00:01,411 [INFO] 重试任务开始，队列状态: {'pending': 0, 'processing': 0, 'sent_today': 2, 'sent_total': 64, 'failed': 0}
2026-03-10 05:00:01,413 [INFO] 重试完成: 重新入队 0 个, 成功推送 0 个
2026-03-10 05:00:01,413 [INFO] 当前队列状态: {'pending': 0, 'processing': 0, 'sent_today': 2, 'sent_total': 64, 'failed': 0}
2026-03-10 06:00:01,375 [INFO] 重试任务开始，队列状态: {'pending': 0, 'processing': 0, 'sent_today': 2, 'sent_total': 64, 'failed': 0}
2026-03-10 06:00:01,377 [INFO] 重试完成: 重新入队 0 个, 成功推送 0 个
2026-03-10 06:00:01,377 [INFO] 当前队列状态: {'pending': 0, 'processing': 0, 'sent_today': 2, 'sent_total': 64, 'failed': 0}
2026-03-10 07:00:01,099 [INFO] 重试任务开始，队列状态: {'pending': 0, 'processing': 0, 'sent_today': 3, 'sent_total': 65, 'failed': 0}
2026-03-10 07:00:01,101 [INFO] 重试完成: 重新入队 0 个, 成功推送 0 个
2026-03-10 07:00:01,101 [INFO] 当前队列状态: {'pending': 0, 'processing': 0, 'sent_today': 3, 'sent_total': 65, 'failed': 0}
2026-03-10 08:08:29,108 [INFO] 重试任务开始，队列状态: {'pending': 0, 'processing': 0, 'sent_today': 4, 'sent_total': 66, 'failed': 0}
2026-03-10 08:08:29,111 [INFO] 重试完成: 重新入队 0 个, 成功推送 0 个
2026-03-10 08:08:29,111 [INFO] 当前队列状态: {'pending': 0, 'processing': 0, 'sent_today': 4, 'sent_total': 66, 'failed': 0}
2026-03-10 10:00:01,196 [INFO] 重试任务开始，队列状态: {'pending': 0, 'processing': 0, 'sent_today': 4, 'sent_total': 66, 'failed': 0}
2026-03-10 10:00:01,198 [INFO] 重试完成: 重新入队 0 个, 成功推送 0 个
2026-03-10 10:00:01,198 [INFO] 当前队列状态: {'pending': 0, 'processing': 0, 'sent_today': 4, 'sent_total': 66, 'failed': 0}
2026-03-10 11:00:01,182 [INFO] 重试任务开始，队列状态: {'pending': 0, 'processing': 0, 'sent_today': 4, 'sent_total': 66, 'failed': 2}
2026-03-10 11:00:01,185 [INFO] 📡 正在向统一消息总线投递任务: alert_system_metrics | ['dingtalk']
2026-03-10 11:00:01,188 [INFO] ✅ 已投递至 MessageBus: alert_system_metrics:2026-03-10
2026-03-10 11:00:01,189 [INFO] 📡 正在向统一消息总线投递任务: system_metrics | ['dingtalk']
2026-03-10 11:00:01,190 [INFO] ✅ 已投递至 MessageBus: system_metrics:2026-03-10
2026-03-10 11:00:01,191 [INFO] 重试完成: 重新入队 2 个, 成功推送 2 个
2026-03-10 11:00:01,191 [INFO] 当前队列状态: {'pending': 0, 'processing': 0, 'sent_today': 6, 'sent_total': 68, 'failed': 0}
2026-03-10 12:00:00,826 [INFO] 重试任务开始，队列状态: {'pending': 0, 'processing': 0, 'sent_today': 6, 'sent_total': 68, 'failed': 0}
2026-03-10 12:00:00,827 [INFO] 重试完成: 重新入队 0 个, 成功推送 0 个
2026-03-10 12:00:00,827 [INFO] 当前队列状态: {'pending': 0, 'processing': 0, 'sent_today': 6, 'sent_total': 68, 'failed': 0}
2026-03-10 13:00:00,827 [INFO] 重试任务开始，队列状态: {'pending': 0, 'processing': 0, 'sent_today': 6, 'sent_total': 68, 'failed': 0}
2026-03-10 13:00:00,828 [INFO] 重试完成: 重新入队 0 个, 成功推送 0 个
2026-03-10 13:00:00,828 [INFO] 当前队列状态: {'pending': 0, 'processing': 0, 'sent_today': 6, 'sent_total': 68, 'failed': 0}
2026-03-10 14:00:04,839 [INFO] 重试任务开始，队列状态: {'pending': 0, 'processing': 0, 'sent_today': 6, 'sent_total': 68, 'failed': 0}
2026-03-10 14:00:04,860 [INFO] 重试完成: 重新入队 0 个, 成功推送 0 个
2026-03-10 14:00:04,864 [INFO] 当前队列状态: {'pending': 0, 'processing': 0, 'sent_today': 6, 'sent_total': 68, 'failed': 0}
